<?xml version="1.0" encoding="UTF-8"?>
<!-- Generated by org.testng.reporters.JUnitXMLReporter -->
<testsuite hostname="DESKTOP-LLG3SK2" ignored="0" name="Default test" tests="12" failures="1" timestamp="14 дек 2017 15:34:50 GMT" time="110.076" errors="0">
  <testcase name="Loadsite" time="19.531" classname="ukrpostTesting.EnterPAChrome"/>
  <testcase name="LoginToPa" time="5.434" classname="ukrpostTesting.EnterPAChrome"/>
  <testcase name="LogoutPa" time="3.254" classname="ukrpostTesting.EnterPAChrome"/>
  <testcase name="Loadsite" time="22.998" classname="ukrpostTesting.EnterPaFirefox"/>
  <testcase name="LoginToPa" time="5.892" classname="ukrpostTesting.EnterPaFirefox"/>
  <testcase name="LogoutPa" time="3.577" classname="ukrpostTesting.EnterPaFirefox"/>
  <testcase name="Loadsite" time="10.712" classname="ukrpostTesting.DropDown">
    <failure type="org.openqa.selenium.support.ui.UnexpectedTagNameException" message="Element should have been &amp;quot;select&amp;quot; but was &amp;quot;span&amp;quot;
Build info: version: &amp;apos;3.8.0&amp;apos;, revision: &amp;apos;924c4067df&amp;apos;, time: &amp;apos;2017-11-30T11:37:19.049Z&amp;apos;
System info: host: &amp;apos;DESKTOP-LLG3SK2&amp;apos;, ip: &amp;apos;192.168.152.1&amp;apos;, os.name: &amp;apos;Windows 10&amp;apos;, os.arch: &amp;apos;amd64&amp;apos;, os.version: &amp;apos;10.0&amp;apos;, java.version: &amp;apos;1.8.0_151&amp;apos;
Driver info: driver.version: unknown">
      <![CDATA[org.openqa.selenium.support.ui.UnexpectedTagNameException: Element should have been "select" but was "span"
Build info: version: '3.8.0', revision: '924c4067df', time: '2017-11-30T11:37:19.049Z'
System info: host: 'DESKTOP-LLG3SK2', ip: '192.168.152.1', os.name: 'Windows 10', os.arch: 'amd64', os.version: '10.0', java.version: '1.8.0_151'
Driver info: driver.version: unknown
	at org.openqa.selenium.support.ui.Select.<init>(Select.java:47)
	at ukrpostTesting.DropDown.Loadsite(DropDown.java:29)
	at sun.reflect.NativeMethodAccessorImpl.invoke0(Native Method)
	at sun.reflect.NativeMethodAccessorImpl.invoke(Unknown Source)
	at sun.reflect.DelegatingMethodAccessorImpl.invoke(Unknown Source)
	at java.lang.reflect.Method.invoke(Unknown Source)
	at org.testng.internal.MethodInvocationHelper.invokeMethod(MethodInvocationHelper.java:108)
	at org.testng.internal.Invoker.invokeMethod(Invoker.java:669)
	at org.testng.internal.Invoker.invokeTestMethod(Invoker.java:877)
	at org.testng.internal.Invoker.invokeTestMethods(Invoker.java:1201)
	at org.testng.internal.TestMethodWorker.invokeTestMethods(TestMethodWorker.java:125)
	at org.testng.internal.TestMethodWorker.run(TestMethodWorker.java:109)
	at org.testng.TestRunner.privateRun(TestRunner.java:776)
	at org.testng.TestRunner.run(TestRunner.java:634)
	at org.testng.SuiteRunner.runTest(SuiteRunner.java:425)
	at org.testng.SuiteRunner.runSequentially(SuiteRunner.java:420)
	at org.testng.SuiteRunner.privateRun(SuiteRunner.java:385)
	at org.testng.SuiteRunner.run(SuiteRunner.java:334)
	at org.testng.SuiteRunnerWorker.runSuite(SuiteRunnerWorker.java:52)
	at org.testng.SuiteRunnerWorker.run(SuiteRunnerWorker.java:86)
	at org.testng.TestNG.runSuitesSequentially(TestNG.java:1318)
	at org.testng.TestNG.runSuitesLocally(TestNG.java:1243)
	at org.testng.TestNG.runSuites(TestNG.java:1161)
	at org.testng.TestNG.run(TestNG.java:1129)
	at org.testng.remote.AbstractRemoteTestNG.run(AbstractRemoteTestNG.java:114)
	at org.testng.remote.RemoteTestNG.initAndRun(RemoteTestNG.java:251)
	at org.testng.remote.RemoteTestNG.main(RemoteTestNG.java:77)
]]>
    </failure>
  </testcase> <!-- Loadsite -->
  <testcase name="CheckElement" time="0.0" classname="ukrpostTesting.DropDown">
    <skipped/>
  </testcase> <!-- CheckElement -->
  <testcase name="Loadsite" time="9.49" classname="ukrpostTesting.EnterPaNegativeMozila"/>
  <testcase name="LoginToPa" time="5.232" classname="ukrpostTesting.EnterPaNegativeMozila"/>
  <testcase name="Loadsite" time="5.336" classname="ukrpostTesting.EnterPaNegativeChrome"/>
  <testcase name="LoginToPa" time="5.05" classname="ukrpostTesting.EnterPaNegativeChrome"/>
</testsuite> <!-- Default test -->
